Created VCN: ocid1.vcn.oc1.iad.amaaaaaadg7aqdqaomuuakd6zw5ochafbmjv63xhqxrhp4bb725wc7aarz7q
{
  "byoipv6_cidr_blocks": null,
  "cidr_block": "10.0.0.0/24",
  "cidr_blocks": [
    "10.0.0.0/24"
  ],
  "compartment_id": "ocid1.tenancy.oc1..aaaaaaaald7kv6wzafat32tejjdm2d5lrr5kqeaqihpcjkj5wruini35tt6a",
  "default_dhcp_options_id": "ocid1.dhcpoptions.oc1.iad.aaaaaaaabgxtjxakgefv4irh57h6mh2pa4qoygemb67ypdhtj3rlgh67ln3a",
  "default_route_table_id": "ocid1.routetable.oc1.iad.aaaaaaaaeijhnwvaqg33uel55veojyiafdqcsqtwrgh3xo75aajyj2usicpq",
  "default_security_list_id": "ocid1.securitylist.oc1.iad.aaaaaaaay3xi3fsomezlc675orkhpsv6xqmgsyusumg5ghdfsyxjealnponq",
  "defined_tags": {
    "Oracle-Tags": {
      "CreatedBy": "default/lohithkc@yahoo.com",
      "CreatedOn": "2023-09-04T18:37:27.463Z"
    }
  },
  "display_name": "my_sdk_vcn",
  "dns_label": null,
  "freeform_tags": {},
  "id": "ocid1.vcn.oc1.iad.amaaaaaadg7aqdqaomuuakd6zw5ochafbmjv63xhqxrhp4bb725wc7aarz7q",
  "ipv6_cidr_blocks": null,
  "ipv6_private_cidr_blocks": null,
  "lifecycle_state": "AVAILABLE",
  "time_created": "2023-09-04T18:37:27.705000+00:00",
  "vcn_domain_name": null
}

Created Subnet: ocid1.subnet.oc1.iad.aaaaaaaaugus4ogbzbe3hnfh4lrywj3osrdr4cju2u5nzlaswasywdoutrva
{
  "availability_domain": "ZMvy:US-ASHBURN-AD-2",
  "cidr_block": "10.0.0.0/24",
  "compartment_id": "ocid1.tenancy.oc1..aaaaaaaald7kv6wzafat32tejjdm2d5lrr5kqeaqihpcjkj5wruini35tt6a",
  "defined_tags": {
    "Oracle-Tags": {
      "CreatedBy": "default/lohithkc@yahoo.com",
      "CreatedOn": "2023-09-04T18:37:28.963Z"
    }
  },
  "dhcp_options_id": "ocid1.dhcpoptions.oc1.iad.aaaaaaaabgxtjxakgefv4irh57h6mh2pa4qoygemb67ypdhtj3rlgh67ln3a",
  "display_name": "my_sdk_subnet",
  "dns_label": null,
  "freeform_tags": {},
  "id": "ocid1.subnet.oc1.iad.aaaaaaaaugus4ogbzbe3hnfh4lrywj3osrdr4cju2u5nzlaswasywdoutrva",
  "ipv6_cidr_block": null,
  "ipv6_cidr_blocks": null,
  "ipv6_virtual_router_ip": null,
  "lifecycle_state": "AVAILABLE",
  "prohibit_internet_ingress": false,
  "prohibit_public_ip_on_vnic": false,
  "route_table_id": "ocid1.routetable.oc1.iad.aaaaaaaaeijhnwvaqg33uel55veojyiafdqcsqtwrgh3xo75aajyj2usicpq",
  "security_list_ids": [
    "ocid1.securitylist.oc1.iad.aaaaaaaay3xi3fsomezlc675orkhpsv6xqmgsyusumg5ghdfsyxjealnponq"
  ],
  "subnet_domain_name": null,
  "time_created": "2023-09-04T18:37:29.026000+00:00",
  "vcn_id": "ocid1.vcn.oc1.iad.amaaaaaadg7aqdqaomuuakd6zw5ochafbmjv63xhqxrhp4bb725wc7aarz7q",
  "virtual_router_ip": "10.0.0.1",
  "virtual_router_mac": "00:00:17:D2:7F:93"
}

Launching Instance ...
Launched Instance: ocid1.instance.oc1.iad.anuwcljtdg7aqdqcpof7vkm5msvqcxjdddeiv6h6tv6ahwcytivrgugpgkxa
{
  "agent_config": {
    "are_all_plugins_disabled": false,
    "is_management_disabled": false,
    "is_monitoring_disabled": false,
    "plugins_config": null
  },
  "availability_config": {
    "is_live_migration_preferred": null,
    "recovery_action": "RESTORE_INSTANCE"
  },
  "availability_domain": "ZMvy:US-ASHBURN-AD-2",
  "capacity_reservation_id": null,
  "compartment_id": "ocid1.tenancy.oc1..aaaaaaaald7kv6wzafat32tejjdm2d5lrr5kqeaqihpcjkj5wruini35tt6a",
  "dedicated_vm_host_id": null,
  "defined_tags": {
    "Oracle-Tags": {
      "CreatedBy": "default/lohithkc@yahoo.com",
      "CreatedOn": "2023-09-04T18:37:32.048Z"
    }
  },
  "display_name": "my_sdk_instance",
  "extended_metadata": {},
  "fault_domain": "FAULT-DOMAIN-1",
  "freeform_tags": {},
  "id": "ocid1.instance.oc1.iad.anuwcljtdg7aqdqcpof7vkm5msvqcxjdddeiv6h6tv6ahwcytivrgugpgkxa",
  "image_id": "ocid1.image.oc1.iad.aaaaaaaa6blpytk5nu622uj7trevp7kjxihx4byt4q6botynbyjpknk7zwna",
  "instance_configuration_id": null,
  "instance_options": {
    "are_legacy_imds_endpoints_disabled": false
  },
  "ipxe_script": null,
  "is_cross_numa_node": false,
  "launch_mode": "PARAVIRTUALIZED",
  "launch_options": {
    "boot_volume_type": "PARAVIRTUALIZED",
    "firmware": "UEFI_64",
    "is_consistent_volume_naming_enabled": true,
    "is_pv_encryption_in_transit_enabled": false,
    "network_type": "PARAVIRTUALIZED",
    "remote_data_volume_type": "PARAVIRTUALIZED"
  },
  "lifecycle_state": "RUNNING",
  "metadata": {
    "some_metadata_item": "some_item_value",
    "ssh_authorized_keys": "ssh-rsa AAAAB3NzaC1yc2EAAAADAQABAAABgQD1+/9ZxAvM4RLK5UlibBklqnWIWjnmUsBwJzV2xS6ZhwR0iiUh6W5+yh1SJxgsQSj39FOtScvOUwSLiWKT8SQZdfYQ6G1g58Sgay5UKR7/UBZw4GRdCIcdn2fShTu4db+oEVCRjnE9LL7IWRH1I2JBJPk33nxv9IY+kfJAVA4eV/dEH7vtbRIp+hgOBYw+kHrxReHSheUSM9g+xj+P3o862nEZuXBgxbba8X0KjyirfLI6585NjbJIzX/14XBU+8PRUB/RwMemHv9N67w8j8pZZ9A7+c6iYOvjmGSpcMO6q6WNSinPgLu2gbxr6cpp3uPn6R3O0Tp4Mju9YkJn30EEMk42YTXCtS0DKEu0xuyg64D5ZCBCpD5cmc/anUQmivkh2+7zu1UaAhAa14yTq311JPUy+njL7cBuPbzCq2Dke++JDc5OdgoFVxOKxg+Q33FiDgoUX56MC60pC6aFx+oEW1uK56GBZarITaXBTpDAbIBoA1y7ArfHBTzP76RZckk= lchollet@LCHOLLET-M-9YTW\n"
  },
  "platform_config": null,
  "preemptible_instance_config": null,
  "region": "iad",
  "shape": "VM.Standard.E2.1.Micro",
  "shape_config": {
    "baseline_ocpu_utilization": null,
    "gpu_description": null,
    "gpus": 0,
    "local_disk_description": null,
    "local_disks": 0,
    "local_disks_total_size_in_gbs": null,
    "max_vnic_attachments": 1,
    "memory_in_gbs": 1.0,
    "networking_bandwidth_in_gbps": 0.48,
    "ocpus": 1.0,
    "processor_description": "2.0 GHz AMD EPYC\u2122 7551 (Naples)",
    "vcpus": 2
  },
  "source_details": {
    "boot_volume_size_in_gbs": null,
    "boot_volume_vpus_per_gb": null,
    "image_id": "ocid1.image.oc1.iad.aaaaaaaa6blpytk5nu622uj7trevp7kjxihx4byt4q6botynbyjpknk7zwna",
    "instance_source_image_filter_details": null,
    "kms_key_id": null,
    "source_type": "image"
  },
  "system_tags": {
    "orcl-cloud": {
      "free-tier-retained": "true"
    }
  },
  "time_created": "2023-09-04T18:37:32.750000+00:00",
  "time_maintenance_reboot_due": null
}

Virtual Network Interface Card
==============================
{
  "availability_domain": "ZMvy:US-ASHBURN-AD-2",
  "compartment_id": "ocid1.tenancy.oc1..aaaaaaaald7kv6wzafat32tejjdm2d5lrr5kqeaqihpcjkj5wruini35tt6a",
  "defined_tags": {
    "Oracle-Tags": {
      "CreatedBy": "default/lohithkc@yahoo.com",
      "CreatedOn": "2023-09-04T18:37:32.210Z"
    }
  },
  "display_name": "my_sdk_instance",
  "freeform_tags": {},
  "hostname_label": null,
  "id": "ocid1.vnic.oc1.iad.abuwcljtbzte3zi65pkpbwluy2lndxq65ghxpm7tyn7txjqoudgidxwalisa",
  "ipv6_addresses": null,
  "is_primary": true,
  "lifecycle_state": "AVAILABLE",
  "mac_address": "02:00:17:14:81:CC",
  "nsg_ids": [],
  "private_ip": "10.0.0.58",
  "public_ip": "129.213.62.57",
  "skip_source_dest_check": false,
  "subnet_id": "ocid1.subnet.oc1.iad.aaaaaaaaugus4ogbzbe3hnfh4lrywj3osrdr4cju2u5nzlaswasywdoutrva",
  "time_created": "2023-09-04T18:37:35.277000+00:00",
  "vlan_id": null
}

Object Storage Limits free-tier
==============================
[{
  "availability_domain": null,
  "name": "bucket-count",
  "scope_type": "REGION",
  "value": 10000
}, {
  "availability_domain": null,
  "name": "storage-bytes",
  "scope_type": "REGION",
  "value": 9223372036854775807
}]

......Sleeping for 60 seconds before destroying ..... 
Terminating Instance: ocid1.instance.oc1.iad.anuwcljtdg7aqdqcpof7vkm5msvqcxjdddeiv6h6tv6ahwcytivrgugpgkxa
Terminated Instance: ocid1.instance.oc1.iad.anuwcljtdg7aqdqcpof7vkm5msvqcxjdddeiv6h6tv6ahwcytivrgugpgkxa

Deleted Subnet: ocid1.subnet.oc1.iad.aaaaaaaaugus4ogbzbe3hnfh4lrywj3osrdr4cju2u5nzlaswasywdoutrva

Deleted VCN: ocid1.vcn.oc1.iad.amaaaaaadg7aqdqaomuuakd6zw5ochafbmjv63xhqxrhp4bb725wc7aarz7q

-- Done. Script execution completed ....
